<?xml version="1.0" encoding="UTF-8"?>
<!-- Generated by org.testng.reporters.JUnitReportReporter -->
<testsuite hostname="BIREN" failures="0" tests="1" name="testcases.LoginTests" time="0.892" errors="0" timestamp="2025-07-16T20:04:09 IST" skipped="0">
  <testcase classname="testcases.LoginTests" name="testLogin" time="0.892"/>
</testsuite> <!-- testcases.LoginTests -->
